Build started 25/10/2015 23:24:29.
     1>Project "D:\Projects\SDX\SDX\SDX.vcxproj" on node 2 (Build target(s)).
     1>ClCompile:
         D:\Applications\Visual Studio 2013\VC\bin\CL.exe /c /Zi /nologo /W3 /WX- /O2 /Oi /Oy- /GL /D _UNICODE /D UNICODE /Gm- /EHsc /MD /GS /Gy /fp:precise /Zc:wchar_t /Zc:forScope /Fo"Release\\" /Fd"Release\vc120.pdb" /Gd /TP /analyze- /errorReport:prompt Camera.cpp Engine.cpp Graphics.cpp Input.cpp Main.cpp Model.cpp Shader.cpp Shared.cpp Sound.cpp
         Camera.cpp
         Engine.cpp
         Graphics.cpp
         Input.cpp
         Main.cpp
     1>Done Building Project "D:\Projects\SDX\SDX\SDX.vcxproj" (Build target(s)) -- FAILED.

Build FAILED.

Time Elapsed 00:00:03.76
